<?xml version="1.0" encoding="UTF-8"?>
<!-- Generated by org.testng.reporters.JUnitReportReporter -->
<testsuite skipped="0" hostname="LAPTOP-BQF3QLV5" name="TestNGFirst.TestNGPractice.DataProviderTest" tests="3" failures="0" timestamp="2021-07-07T14:09:09 IST" time="0.031" errors="0">
  <testcase name="loginDetails" time="0.025" classname="TestNGFirst.TestNGPractice.DataProviderTest"/>
  <testcase name="loginDetails" time="0.004" classname="TestNGFirst.TestNGPractice.DataProviderTest"/>
  <testcase name="loginDetails" time="0.002" classname="TestNGFirst.TestNGPractice.DataProviderTest"/>
</testsuite> <!-- TestNGFirst.TestNGPractice.DataProviderTest -->
