<?xml version="1.0" encoding="UTF-8"?>
<!-- Generated by org.testng.reporters.JUnitReportReporter -->
<testsuite skipped="0" hostname="LAPTOP-BQF3QLV5" name="TestNGFirst.TestNGPractice.parallelTest" tests="2" failures="0" timestamp="2021-07-07T13:36:03 IST" time="135.665" errors="0">
  <testcase name="facebook" time="84.944" classname="TestNGFirst.TestNGPractice.parallelTest"/>
  <testcase name="instagram" time="50.721" classname="TestNGFirst.TestNGPractice.parallelTest"/>
</testsuite> <!-- TestNGFirst.TestNGPractice.parallelTest -->
