<?xml version="1.0" encoding="UTF-8"?>
<!-- Generated by org.testng.reporters.JUnitReportReporter -->
<testsuite skipped="0" hostname="LAPTOP-BQF3QLV5" name="TestNGFirst.TestNGPractice.TrailTest" tests="7" failures="0" timestamp="2021-07-04T14:39:47 IST" time="0.033" errors="0">
  <testcase name="testtwo" time="0.003" classname="TestNGFirst.TestNGPractice.TrailTest"/>
  <testcase name="testtwo" time="0.003" classname="TestNGFirst.TestNGPractice.TrailTest"/>
  <testcase name="yellow" time="0.003" classname="TestNGFirst.TestNGPractice.TrailTest"/>
  <testcase name="ignoretest" time="0.015" classname="TestNGFirst.TestNGPractice.TrailTest"/>
  <testcase name="testone" time="0.004" classname="TestNGFirst.TestNGPractice.TrailTest"/>
  <testcase name="testenabled" time="0.002" classname="TestNGFirst.TestNGPractice.TrailTest"/>
  <testcase name="testtwo" time="0.003" classname="TestNGFirst.TestNGPractice.TrailTest"/>
</testsuite> <!-- TestNGFirst.TestNGPractice.TrailTest -->
