<?xml version="1.0" encoding="UTF-8"?>
<!-- Generated by org.testng.reporters.JUnitReportReporter -->
<testsuite skipped="0" hostname="LAPTOP-BQF3QLV5" name="TestNGFirst.TestNGPractice.ParameterTest" tests="2" failures="0" timestamp="2021-07-06T15:01:11 IST" time="0.013" errors="0">
  <testcase name="password" time="0.012" classname="TestNGFirst.TestNGPractice.ParameterTest"/>
  <testcase name="username" time="0.001" classname="TestNGFirst.TestNGPractice.ParameterTest"/>
</testsuite> <!-- TestNGFirst.TestNGPractice.ParameterTest -->
