<?xml version="1.0" encoding="UTF-8"?>
<!-- Generated by org.testng.reporters.JUnitReportReporter -->
<testsuite skipped="0" hostname="LAPTOP-BQF3QLV5" name="TestNGFirst.TestNGPractice.PriorityException" tests="5" failures="0" timestamp="2021-07-05T14:48:45 IST" time="0.040" errors="0">
  <testcase name="Red" time="0.002" classname="TestNGFirst.TestNGPractice.PriorityException"/>
  <testcase name="openTheCar" time="0.017" classname="TestNGFirst.TestNGPractice.PriorityException"/>
  <testcase name="sitAtDriverSeat" time="0.011" classname="TestNGFirst.TestNGPractice.PriorityException"/>
  <testcase name="startTheCar" time="0.004" classname="TestNGFirst.TestNGPractice.PriorityException"/>
  <testcase name="removeHandGear" time="0.006" classname="TestNGFirst.TestNGPractice.PriorityException"/>
</testsuite> <!-- TestNGFirst.TestNGPractice.PriorityException -->
