<?xml version="1.0" encoding="UTF-8"?>
<!-- Generated by org.testng.reporters.JUnitReportReporter -->
<testsuite skipped="0" hostname="LAPTOP-BQF3QLV5" name="TestNGFirst.TestNGPractice.GroupingTest" tests="4" failures="0" timestamp="2021-07-05T14:39:50 IST" time="0.024" errors="0">
  <testcase name="readBooks" time="0.008" classname="TestNGFirst.TestNGPractice.GroupingTest"/>
  <testcase name="blue" time="0.012" classname="TestNGFirst.TestNGPractice.GroupingTest"/>
  <testcase name="red" time="0.003" classname="TestNGFirst.TestNGPractice.GroupingTest"/>
  <testcase name="green" time="0.001" classname="TestNGFirst.TestNGPractice.GroupingTest"/>
</testsuite> <!-- TestNGFirst.TestNGPractice.GroupingTest -->
